20-10-2022 11:08:52 :: [INFO] :: [insert_bitcoin_csv] :: Extract Phase Started ...
20-10-2022 11:08:52 :: [INFO] :: [insert_bitcoin_csv] :: Extract Phase Ended ...
20-10-2022 11:08:52 :: [INFO] :: [insert_bitcoin_csv] :: Transform Phase Started...
20-10-2022 11:08:52 :: [INFO] :: [insert_bitcoin_csv] :: Transform Phase Ended...
20-10-2022 11:08:52 :: [INFO] :: [insert_bitcoin_csv] :: Load Phase Started...
20-10-2022 11:12:54 :: [INFO] :: [insert_bitcoin_csv] :: Extract Phase Started ...
20-10-2022 11:12:54 :: [INFO] :: [insert_bitcoin_csv] :: Extract Phase Ended ...
20-10-2022 11:12:54 :: [INFO] :: [insert_bitcoin_csv] :: Transform Phase Started...
20-10-2022 11:12:54 :: [INFO] :: [insert_bitcoin_csv] :: Transform Phase Ended...
20-10-2022 11:12:54 :: [INFO] :: [insert_bitcoin_csv] :: Load Phase Started...
20-10-2022 11:12:56 :: [ERROR] :: [insert_bitcoin_csv] :: ERROR - Error 904 (42000): 000904 (42000): SQL compilation error: error line 1 at position 32
invalid identifier 'SNO' (01a7bee0-3200-91c2-0000-000208ba2351)
20-10-2022 11:12:57 :: [ERROR] :: [insert_bitcoin_csv] :: ERROR - Error 904 (42000): 000904 (42000): SQL compilation error: error line 1 at position 32
invalid identifier 'SNO' (01a7bee0-3200-926e-0000-000208baa131)
20-10-2022 11:12:57 :: [ERROR] :: [insert_bitcoin_csv] :: ERROR - Error 904 (42000): 000904 (42000): SQL compilation error: error line 1 at position 32
invalid identifier 'SNO' (01a7bee0-3200-91fb-0000-000208ba8159)
20-10-2022 11:12:57 :: [ERROR] :: [insert_bitcoin_csv] :: ERROR - Error 904 (42000): 000904 (42000): SQL compilation error: error line 1 at position 32
invalid identifier 'SNO' (01a7bee0-3200-91c2-0000-000208ba2355)
20-10-2022 11:12:57 :: [ERROR] :: [insert_bitcoin_csv] :: ERROR - Error 904 (42000): 000904 (42000): SQL compilation error: error line 1 at position 32
invalid identifier 'SNO' (01a7bee0-3200-926e-0000-000208baa135)
20-10-2022 11:12:57 :: [ERROR] :: [insert_bitcoin_csv] :: ERROR - Error 904 (42000): 000904 (42000): SQL compilation error: error line 1 at position 32
invalid identifier 'SNO' (01a7bee0-3200-926e-0000-000208baa139)
20-10-2022 11:12:57 :: [ERROR] :: [insert_bitcoin_csv] :: ERROR - Error 904 (42000): 000904 (42000): SQL compilation error: error line 1 at position 32
invalid identifier 'SNO' (01a7bee0-3200-91c2-0000-000208ba2359)
20-10-2022 11:12:58 :: [ERROR] :: [insert_bitcoin_csv] :: ERROR - Error 904 (42000): 000904 (42000): SQL compilation error: error line 1 at position 32
invalid identifier 'SNO' (01a7bee0-3200-9246-0000-000208ba9141)
20-10-2022 11:12:58 :: [ERROR] :: [insert_bitcoin_csv] :: ERROR - Error 904 (42000): 000904 (42000): SQL compilation error: error line 1 at position 32
invalid identifier 'SNO' (01a7bee0-3200-926e-0000-000208baa13d)
20-10-2022 11:12:58 :: [ERROR] :: [insert_bitcoin_csv] :: ERROR - Error 904 (42000): 000904 (42000): SQL compilation error: error line 1 at position 32
invalid identifier 'SNO' (01a7bee0-3200-91c2-0000-000208ba235d)
20-10-2022 11:12:58 :: [ERROR] :: [insert_bitcoin_csv] :: ERROR - Error 904 (42000): 000904 (42000): SQL compilation error: error line 1 at position 32
invalid identifier 'SNO' (01a7bee0-3200-9246-0000-000208ba9145)
20-10-2022 11:12:58 :: [ERROR] :: [insert_bitcoin_csv] :: ERROR - Error 904 (42000): 000904 (42000): SQL compilation error: error line 1 at position 32
invalid identifier 'SNO' (01a7bee0-3200-9246-0000-000208ba9149)
20-10-2022 11:12:58 :: [ERROR] :: [insert_bitcoin_csv] :: ERROR - Error 904 (42000): 000904 (42000): SQL compilation error: error line 1 at position 32
invalid identifier 'SNO' (01a7bee0-3200-926e-0000-000208baa141)
20-10-2022 11:12:58 :: [ERROR] :: [insert_bitcoin_csv] :: ERROR - Error 904 (42000): 000904 (42000): SQL compilation error: error line 1 at position 32
invalid identifier 'SNO' (01a7bee0-3200-91fb-0000-000208ba815d)
20-10-2022 11:12:58 :: [ERROR] :: [insert_bitcoin_csv] :: ERROR - Error 904 (42000): 000904 (42000): SQL compilation error: error line 1 at position 32
invalid identifier 'SNO' (01a7bee0-3200-926e-0000-000208baa145)
20-10-2022 11:12:59 :: [ERROR] :: [insert_bitcoin_csv] :: ERROR - Error 904 (42000): 000904 (42000): SQL compilation error: error line 1 at position 32
invalid identifier 'SNO' (01a7bee0-3200-91fb-0000-000208ba8161)
20-10-2022 11:12:59 :: [ERROR] :: [insert_bitcoin_csv] :: ERROR - Error 904 (42000): 000904 (42000): SQL compilation error: error line 1 at position 32
invalid identifier 'SNO' (01a7bee0-3200-926e-0000-000208baa149)
20-10-2022 11:12:59 :: [ERROR] :: [insert_bitcoin_csv] :: ERROR - Error 904 (42000): 000904 (42000): SQL compilation error: error line 1 at position 32
invalid identifier 'SNO' (01a7bee0-3200-9246-0000-000208ba914d)
20-10-2022 11:12:59 :: [ERROR] :: [insert_bitcoin_csv] :: ERROR - Error 904 (42000): 000904 (42000): SQL compilation error: error line 1 at position 32
invalid identifier 'SNO' (01a7bee0-3200-91fb-0000-000208ba8165)
20-10-2022 11:12:59 :: [ERROR] :: [insert_bitcoin_csv] :: ERROR - Error 904 (42000): 000904 (42000): SQL compilation error: error line 1 at position 32
invalid identifier 'SNO' (01a7bee0-3200-926e-0000-000208baa14d)
20-10-2022 11:12:59 :: [ERROR] :: [insert_bitcoin_csv] :: ERROR - Error 904 (42000): 000904 (42000): SQL compilation error: error line 1 at position 32
invalid identifier 'SNO' (01a7bee0-3200-91fb-0000-000208ba8169)
20-10-2022 11:12:59 :: [ERROR] :: [insert_bitcoin_csv] :: ERROR - Error 904 (42000): 000904 (42000): SQL compilation error: error line 1 at position 32
invalid identifier 'SNO' (01a7bee0-3200-91c2-0000-000208ba2361)
20-10-2022 11:12:59 :: [ERROR] :: [insert_bitcoin_csv] :: ERROR - Error 904 (42000): 000904 (42000): SQL compilation error: error line 1 at position 32
invalid identifier 'SNO' (01a7bee0-3200-91fb-0000-000208ba816d)
20-10-2022 11:12:59 :: [ERROR] :: [insert_bitcoin_csv] :: ERROR - Error 904 (42000): 000904 (42000): SQL compilation error: error line 1 at position 32
invalid identifier 'SNO' (01a7bee0-3200-91fb-0000-000208ba8171)
20-10-2022 11:12:59 :: [ERROR] :: [insert_bitcoin_csv] :: ERROR - Error 904 (42000): 000904 (42000): SQL compilation error: error line 1 at position 32
invalid identifier 'SNO' (01a7bee0-3200-91c2-0000-000208ba2365)
20-10-2022 11:13:00 :: [ERROR] :: [insert_bitcoin_csv] :: ERROR - Error 904 (42000): 000904 (42000): SQL compilation error: error line 1 at position 32
invalid identifier 'SNO' (01a7bee1-3200-91c2-0000-000208ba2369)
20-10-2022 11:13:00 :: [ERROR] :: [insert_bitcoin_csv] :: ERROR - Error 904 (42000): 000904 (42000): SQL compilation error: error line 1 at position 32
invalid identifier 'SNO' (01a7bee1-3200-91fb-0000-000208ba8175)
20-10-2022 11:13:00 :: [ERROR] :: [insert_bitcoin_csv] :: ERROR - Error 904 (42000): 000904 (42000): SQL compilation error: error line 1 at position 32
invalid identifier 'SNO' (01a7bee1-3200-926e-0000-000208baa151)
20-10-2022 11:13:00 :: [ERROR] :: [insert_bitcoin_csv] :: ERROR - Error 904 (42000): 000904 (42000): SQL compilation error: error line 1 at position 32
invalid identifier 'SNO' (01a7bee1-3200-91c2-0000-000208ba236d)
20-10-2022 11:13:00 :: [ERROR] :: [insert_bitcoin_csv] :: ERROR - Error 904 (42000): 000904 (42000): SQL compilation error: error line 1 at position 32
invalid identifier 'SNO' (01a7bee1-3200-926e-0000-000208baa155)
20-10-2022 11:13:00 :: [ERROR] :: [insert_bitcoin_csv] :: ERROR - Error 904 (42000): 000904 (42000): SQL compilation error: error line 1 at position 32
invalid identifier 'SNO' (01a7bee1-3200-91c2-0000-000208ba2371)
20-10-2022 11:13:00 :: [ERROR] :: [insert_bitcoin_csv] :: ERROR - Error 904 (42000): 000904 (42000): SQL compilation error: error line 1 at position 32
invalid identifier 'SNO' (01a7bee1-3200-91c2-0000-000208ba2375)
20-10-2022 11:13:01 :: [ERROR] :: [insert_bitcoin_csv] :: ERROR - Error 904 (42000): 000904 (42000): SQL compilation error: error line 1 at position 32
invalid identifier 'SNO' (01a7bee1-3200-9246-0000-000208ba9151)
20-10-2022 11:13:01 :: [ERROR] :: [insert_bitcoin_csv] :: ERROR - Error 904 (42000): 000904 (42000): SQL compilation error: error line 1 at position 32
invalid identifier 'SNO' (01a7bee1-3200-91fb-0000-000208ba8179)
20-10-2022 11:16:00 :: [INFO] :: [insert_bitcoin_csv] :: Extract Phase Started ...
20-10-2022 11:16:00 :: [INFO] :: [insert_bitcoin_csv] :: Extract Phase Ended ...
20-10-2022 11:16:00 :: [INFO] :: [insert_bitcoin_csv] :: Transform Phase Started...
20-10-2022 11:16:00 :: [INFO] :: [insert_bitcoin_csv] :: Transform Phase Ended...
20-10-2022 11:16:00 :: [INFO] :: [insert_bitcoin_csv] :: Load Phase Started...
20-10-2022 11:16:17 :: [INFO] :: [insert_bitcoin_csv] :: Extract Phase Started ...
20-10-2022 11:16:17 :: [INFO] :: [insert_bitcoin_csv] :: Extract Phase Ended ...
20-10-2022 11:16:17 :: [INFO] :: [insert_bitcoin_csv] :: Transform Phase Started...
20-10-2022 11:16:17 :: [INFO] :: [insert_bitcoin_csv] :: Transform Phase Ended...
20-10-2022 11:16:17 :: [INFO] :: [insert_bitcoin_csv] :: Load Phase Started...
20-10-2022 11:16:54 :: [INFO] :: [insert_bitcoin_csv] :: Extract Phase Started ...
20-10-2022 11:16:54 :: [INFO] :: [insert_bitcoin_csv] :: Extract Phase Ended ...
20-10-2022 11:16:54 :: [INFO] :: [insert_bitcoin_csv] :: Transform Phase Started...
20-10-2022 11:16:54 :: [INFO] :: [insert_bitcoin_csv] :: Transform Phase Ended...
20-10-2022 11:16:54 :: [INFO] :: [insert_bitcoin_csv] :: Load Phase Started...
20-10-2022 11:19:24 :: [INFO] :: [insert_bitcoin_csv] :: Extract Phase Started ...
20-10-2022 11:19:25 :: [INFO] :: [insert_bitcoin_csv] :: Extract Phase Ended ...
20-10-2022 11:19:25 :: [INFO] :: [insert_bitcoin_csv] :: Transform Phase Started...
20-10-2022 11:19:25 :: [INFO] :: [insert_bitcoin_csv] :: Transform Phase Ended...
20-10-2022 11:19:25 :: [INFO] :: [insert_bitcoin_csv] :: Load Phase Started...
20-10-2022 11:19:49 :: [INFO] :: [insert_bitcoin_csv] :: Extract Phase Started ...
20-10-2022 11:19:49 :: [INFO] :: [insert_bitcoin_csv] :: Extract Phase Ended ...
20-10-2022 11:19:49 :: [INFO] :: [insert_bitcoin_csv] :: Transform Phase Started...
20-10-2022 11:19:49 :: [INFO] :: [insert_bitcoin_csv] :: Transform Phase Ended...
20-10-2022 11:19:49 :: [INFO] :: [insert_bitcoin_csv] :: Load Phase Started...
20-10-2022 11:20:11 :: [INFO] :: [insert_bitcoin_csv] :: Extract Phase Started ...
20-10-2022 11:20:11 :: [INFO] :: [insert_bitcoin_csv] :: Extract Phase Ended ...
20-10-2022 11:20:11 :: [INFO] :: [insert_bitcoin_csv] :: Transform Phase Started...
20-10-2022 11:20:11 :: [INFO] :: [insert_bitcoin_csv] :: Transform Phase Ended...
20-10-2022 11:20:11 :: [INFO] :: [insert_bitcoin_csv] :: Load Phase Started...
20-10-2022 11:46:28 :: [INFO] :: [insert_bitcoin_csv] :: Extract Phase Started ...
20-10-2022 11:46:28 :: [INFO] :: [insert_bitcoin_csv] :: Extract Phase Ended ...
20-10-2022 11:46:28 :: [INFO] :: [insert_bitcoin_csv] :: Transform Phase Started...
20-10-2022 11:46:29 :: [INFO] :: [insert_bitcoin_csv] :: Transform Phase Ended...
20-10-2022 11:46:29 :: [INFO] :: [insert_bitcoin_csv] :: Load Phase Started...
20-10-2022 11:47:13 :: [INFO] :: [insert_bitcoin_csv] :: Extract Phase Started ...
20-10-2022 11:47:13 :: [INFO] :: [insert_bitcoin_csv] :: Extract Phase Ended ...
20-10-2022 11:47:13 :: [INFO] :: [insert_bitcoin_csv] :: Transform Phase Started...
20-10-2022 11:47:13 :: [INFO] :: [insert_bitcoin_csv] :: Transform Phase Ended...
20-10-2022 11:47:13 :: [INFO] :: [insert_bitcoin_csv] :: Load Phase Started...
20-10-2022 11:52:07 :: [INFO] :: [insert_bitcoin_csv] :: Extract Phase Started ...
20-10-2022 11:52:08 :: [INFO] :: [insert_bitcoin_csv] :: Extract Phase Ended ...
20-10-2022 11:52:08 :: [INFO] :: [insert_bitcoin_csv] :: Transform Phase Started...
20-10-2022 11:52:08 :: [INFO] :: [insert_bitcoin_csv] :: Transform Phase Ended...
20-10-2022 11:52:08 :: [INFO] :: [insert_bitcoin_csv] :: Load Phase Started...
20-10-2022 11:52:53 :: [INFO] :: [insert_bitcoin_csv] :: Extract Phase Started ...
20-10-2022 11:52:53 :: [INFO] :: [insert_bitcoin_csv] :: Extract Phase Ended ...
20-10-2022 11:52:53 :: [INFO] :: [insert_bitcoin_csv] :: Transform Phase Started...
20-10-2022 11:52:53 :: [INFO] :: [insert_bitcoin_csv] :: Transform Phase Ended...
20-10-2022 11:52:53 :: [INFO] :: [insert_bitcoin_csv] :: Load Phase Started...
20-10-2022 11:58:47 :: [INFO] :: [insert_bitcoin_csv] :: Extract Phase Started ...
20-10-2022 11:58:47 :: [INFO] :: [insert_bitcoin_csv] :: Extract Phase Ended ...
20-10-2022 11:58:47 :: [INFO] :: [insert_bitcoin_csv] :: Transform Phase Started...
20-10-2022 11:58:47 :: [INFO] :: [insert_bitcoin_csv] :: Transform Phase Ended...
20-10-2022 11:58:47 :: [INFO] :: [insert_bitcoin_csv] :: Load Phase Started...
20-10-2022 12:02:38 :: [INFO] :: [insert_bitcoin_csv] :: Extract Phase Started ...
20-10-2022 12:02:38 :: [INFO] :: [insert_bitcoin_csv] :: Extract Phase Ended ...
20-10-2022 12:02:38 :: [INFO] :: [insert_bitcoin_csv] :: Transform Phase Started...
20-10-2022 12:05:47 :: [INFO] :: [insert_bitcoin_csv] :: Extract Phase Started ...
20-10-2022 12:05:47 :: [INFO] :: [insert_bitcoin_csv] :: Extract Phase Ended ...
20-10-2022 12:05:47 :: [INFO] :: [insert_bitcoin_csv] :: Transform Phase Started...
20-10-2022 12:05:47 :: [INFO] :: [insert_bitcoin_csv] :: Transform Phase Ended...
20-10-2022 12:05:47 :: [INFO] :: [insert_bitcoin_csv] :: Load Phase Started...
20-10-2022 12:10:12 :: [INFO] :: [insert_bitcoin_csv] :: Extract Phase Started ...
20-10-2022 12:10:12 :: [INFO] :: [insert_bitcoin_csv] :: Extract Phase Ended ...
20-10-2022 12:10:12 :: [INFO] :: [insert_bitcoin_csv] :: Transform Phase Started...
20-10-2022 12:10:12 :: [INFO] :: [insert_bitcoin_csv] :: Transform Phase Ended...
20-10-2022 12:10:12 :: [INFO] :: [insert_bitcoin_csv] :: Load Phase Started...
20-10-2022 12:11:20 :: [INFO] :: [insert_bitcoin_csv] :: Extract Phase Started ...
20-10-2022 12:11:20 :: [INFO] :: [insert_bitcoin_csv] :: Extract Phase Ended ...
20-10-2022 12:11:20 :: [INFO] :: [insert_bitcoin_csv] :: Transform Phase Started...
20-10-2022 12:11:20 :: [INFO] :: [insert_bitcoin_csv] :: Transform Phase Ended...
20-10-2022 12:11:20 :: [INFO] :: [insert_bitcoin_csv] :: Load Phase Started...
20-10-2022 12:14:13 :: [INFO] :: [insert_bitcoin_csv] :: Extract Phase Started ...
20-10-2022 12:14:13 :: [INFO] :: [insert_bitcoin_csv] :: Extract Phase Ended ...
20-10-2022 12:14:13 :: [INFO] :: [insert_bitcoin_csv] :: Transform Phase Started...
20-10-2022 12:15:24 :: [INFO] :: [insert_bitcoin_csv] :: Extract Phase Started ...
20-10-2022 12:15:24 :: [INFO] :: [insert_bitcoin_csv] :: Extract Phase Ended ...
20-10-2022 12:15:24 :: [INFO] :: [insert_bitcoin_csv] :: Transform Phase Started...
20-10-2022 12:15:24 :: [INFO] :: [insert_bitcoin_csv] :: Transform Phase Ended...
20-10-2022 12:15:24 :: [INFO] :: [insert_bitcoin_csv] :: Load Phase Started...
20-10-2022 12:15:46 :: [INFO] :: [insert_bitcoin_csv] :: Extract Phase Started ...
20-10-2022 12:15:46 :: [INFO] :: [insert_bitcoin_csv] :: Extract Phase Ended ...
20-10-2022 12:15:46 :: [INFO] :: [insert_bitcoin_csv] :: Transform Phase Started...
20-10-2022 12:15:46 :: [INFO] :: [insert_bitcoin_csv] :: Transform Phase Ended...
20-10-2022 12:15:46 :: [INFO] :: [insert_bitcoin_csv] :: Load Phase Started...
20-10-2022 12:18:51 :: [INFO] :: [insert_bitcoin_csv] :: Extract Phase Started ...
20-10-2022 12:18:51 :: [INFO] :: [insert_bitcoin_csv] :: Extract Phase Ended ...
20-10-2022 12:18:51 :: [INFO] :: [insert_bitcoin_csv] :: Transform Phase Started...
20-10-2022 12:18:51 :: [INFO] :: [insert_bitcoin_csv] :: Transform Phase Ended...
20-10-2022 12:18:51 :: [INFO] :: [insert_bitcoin_csv] :: Load Phase Started...
20-10-2022 12:20:08 :: [INFO] :: [insert_bitcoin_csv] :: Extract Phase Started ...
20-10-2022 12:20:08 :: [INFO] :: [insert_bitcoin_csv] :: Extract Phase Ended ...
20-10-2022 12:20:08 :: [INFO] :: [insert_bitcoin_csv] :: Transform Phase Started...
20-10-2022 12:20:08 :: [INFO] :: [insert_bitcoin_csv] :: Transform Phase Ended...
20-10-2022 12:20:08 :: [INFO] :: [insert_bitcoin_csv] :: Load Phase Started...
20-10-2022 12:20:30 :: [INFO] :: [insert_bitcoin_csv] :: Extract Phase Started ...
20-10-2022 12:20:30 :: [INFO] :: [insert_bitcoin_csv] :: Extract Phase Ended ...
20-10-2022 12:20:30 :: [INFO] :: [insert_bitcoin_csv] :: Transform Phase Started...
20-10-2022 12:20:30 :: [INFO] :: [insert_bitcoin_csv] :: Transform Phase Ended...
20-10-2022 12:20:30 :: [INFO] :: [insert_bitcoin_csv] :: Load Phase Started...
20-10-2022 12:21:47 :: [INFO] :: [insert_bitcoin_csv] :: Extract Phase Started ...
20-10-2022 12:21:47 :: [INFO] :: [insert_bitcoin_csv] :: Extract Phase Ended ...
20-10-2022 12:21:47 :: [INFO] :: [insert_bitcoin_csv] :: Transform Phase Started...
20-10-2022 12:21:47 :: [INFO] :: [insert_bitcoin_csv] :: Transform Phase Ended...
20-10-2022 12:21:47 :: [INFO] :: [insert_bitcoin_csv] :: Load Phase Started...
20-10-2022 12:22:00 :: [INFO] :: [insert_bitcoin_csv] :: Extract Phase Started ...
20-10-2022 12:22:00 :: [INFO] :: [insert_bitcoin_csv] :: Extract Phase Ended ...
20-10-2022 12:22:00 :: [INFO] :: [insert_bitcoin_csv] :: Transform Phase Started...
20-10-2022 12:22:00 :: [INFO] :: [insert_bitcoin_csv] :: Transform Phase Ended...
20-10-2022 12:22:00 :: [INFO] :: [insert_bitcoin_csv] :: Load Phase Started...
20-10-2022 12:25:26 :: [INFO] :: [insert_bitcoin_csv] :: Extract Phase Started ...
20-10-2022 12:25:26 :: [INFO] :: [insert_bitcoin_csv] :: Extract Phase Ended ...
20-10-2022 12:25:26 :: [INFO] :: [insert_bitcoin_csv] :: Transform Phase Started...
20-10-2022 12:25:26 :: [INFO] :: [insert_bitcoin_csv] :: Transform Phase Ended...
20-10-2022 12:25:26 :: [INFO] :: [insert_bitcoin_csv] :: Load Phase Started...
20-10-2022 12:26:27 :: [INFO] :: [insert_bitcoin_csv] :: Extract Phase Started ...
20-10-2022 12:26:27 :: [INFO] :: [insert_bitcoin_csv] :: Extract Phase Ended ...
20-10-2022 12:26:27 :: [INFO] :: [insert_bitcoin_csv] :: Transform Phase Started...
20-10-2022 12:26:27 :: [INFO] :: [insert_bitcoin_csv] :: Transform Phase Ended...
20-10-2022 12:26:27 :: [INFO] :: [insert_bitcoin_csv] :: Load Phase Started...
20-10-2022 12:26:37 :: [INFO] :: [insert_bitcoin_csv] :: Extract Phase Started ...
20-10-2022 12:26:37 :: [INFO] :: [insert_bitcoin_csv] :: Extract Phase Ended ...
20-10-2022 12:26:37 :: [INFO] :: [insert_bitcoin_csv] :: Transform Phase Started...
20-10-2022 12:26:37 :: [INFO] :: [insert_bitcoin_csv] :: Transform Phase Ended...
20-10-2022 12:26:37 :: [INFO] :: [insert_bitcoin_csv] :: Load Phase Started...
20-10-2022 12:28:18 :: [INFO] :: [insert_bitcoin_csv] :: Extract Phase Started ...
20-10-2022 12:28:18 :: [INFO] :: [insert_bitcoin_csv] :: Extract Phase Ended ...
20-10-2022 12:28:18 :: [INFO] :: [insert_bitcoin_csv] :: Transform Phase Started...
20-10-2022 12:28:18 :: [INFO] :: [insert_bitcoin_csv] :: Transform Phase Ended...
20-10-2022 12:28:18 :: [INFO] :: [insert_bitcoin_csv] :: Load Phase Started...
20-10-2022 12:28:50 :: [INFO] :: [insert_bitcoin_csv] :: Extract Phase Started ...
20-10-2022 12:28:50 :: [INFO] :: [insert_bitcoin_csv] :: Extract Phase Ended ...
20-10-2022 12:28:50 :: [INFO] :: [insert_bitcoin_csv] :: Transform Phase Started...
20-10-2022 12:28:50 :: [INFO] :: [insert_bitcoin_csv] :: Transform Phase Ended...
20-10-2022 12:28:50 :: [INFO] :: [insert_bitcoin_csv] :: Load Phase Started...
20-10-2022 12:28:52 :: [INFO] :: [insert_bitcoin_csv] :: 2991 rows inserted.
20-10-2022 12:28:52 :: [INFO] :: [insert_bitcoin_csv] :: Load Phase Ended...
20-10-2022 14:03:28 :: [INFO] :: [insert_bitcoin_csv] :: Extract Phase Started ...
20-10-2022 14:03:28 :: [INFO] :: [insert_bitcoin_csv] :: Extract Phase Ended ...
20-10-2022 14:03:28 :: [INFO] :: [insert_bitcoin_csv] :: Transform Phase Started...
20-10-2022 14:03:28 :: [INFO] :: [insert_bitcoin_csv] :: Transform Phase Ended...
20-10-2022 14:03:28 :: [INFO] :: [insert_bitcoin_csv] :: Load Phase Started...
20-10-2022 14:03:30 :: [INFO] :: [insert_bitcoin_csv] :: None rows inserted.
20-10-2022 14:03:30 :: [INFO] :: [insert_bitcoin_csv] :: Load Phase Ended...
20-10-2022 14:03:43 :: [INFO] :: [insert_bitcoin_csv] :: Extract Phase Started ...
20-10-2022 14:03:43 :: [INFO] :: [insert_bitcoin_csv] :: Extract Phase Ended ...
20-10-2022 14:03:43 :: [INFO] :: [insert_bitcoin_csv] :: Transform Phase Started...
20-10-2022 14:03:43 :: [INFO] :: [insert_bitcoin_csv] :: Transform Phase Ended...
20-10-2022 14:03:43 :: [INFO] :: [insert_bitcoin_csv] :: Load Phase Started...
20-10-2022 14:03:44 :: [INFO] :: [insert_bitcoin_csv] :: None rows inserted.
20-10-2022 14:03:44 :: [INFO] :: [insert_bitcoin_csv] :: Load Phase Ended...
20-10-2022 14:03:47 :: [INFO] :: [insert_bitcoin_csv] :: Email sent successfully!
