20-10-2022 10:20:44 :: [INFO] :: [insert_currency_rate] :: Extract Phase Started ...
20-10-2022 10:20:53 :: [INFO] :: [insert_currency_rate] :: Extract Phase Ended ...
20-10-2022 10:20:53 :: [INFO] :: [insert_currency_rate] :: Transform Phase Started...
20-10-2022 10:20:53 :: [INFO] :: [insert_currency_rate] :: Transform Phase Ended...
20-10-2022 10:20:53 :: [INFO] :: [insert_currency_rate] :: Load Phase Started...
20-10-2022 10:20:57 :: [ERROR] :: [insert_currency_rate] :: ERROR - Error 100040 (22007): 100040 (22007): Date '2022/10/20 10:20:53' is not recognized (01a7beac-3200-922e-0000-000208ba6215)
20-10-2022 10:20:58 :: [ERROR] :: [insert_currency_rate] :: ERROR - Error 100040 (22007): 100040 (22007): Date '2022/10/20 10:20:53' is not recognized (01a7beac-3200-91c2-0000-000208ba2259)
20-10-2022 10:20:59 :: [ERROR] :: [insert_currency_rate] :: ERROR - Error 100040 (22007): 100040 (22007): Date '2022/10/20 10:20:53' is not recognized (01a7beac-3200-922e-0000-000208ba6219)
20-10-2022 10:21:00 :: [ERROR] :: [insert_currency_rate] :: ERROR - Error 100040 (22007): 100040 (22007): Date '2022/10/20 10:20:53' is not recognized (01a7beac-3200-926e-0000-000208baa061)
20-10-2022 10:21:00 :: [ERROR] :: [insert_currency_rate] :: ERROR - Error 100040 (22007): 100040 (22007): Date '2022/10/20 10:20:53' is not recognized (01a7bead-3200-922e-0000-000208ba621d)
20-10-2022 10:21:00 :: [INFO] :: [insert_currency_rate] :: 0 rows inserted.
20-10-2022 10:21:00 :: [ERROR] :: [insert_currency_rate] :: ERROR - 5 rows with error.
20-10-2022 10:21:00 :: [INFO] :: [insert_currency_rate] :: Load Phase Ended...
20-10-2022 10:29:24 :: [INFO] :: [insert_currency_rate] :: Extract Phase Started ...
20-10-2022 10:29:26 :: [INFO] :: [insert_currency_rate] :: Extract Phase Ended ...
20-10-2022 10:29:26 :: [INFO] :: [insert_currency_rate] :: Transform Phase Started...
20-10-2022 10:29:26 :: [INFO] :: [insert_currency_rate] :: Transform Phase Ended...
20-10-2022 10:29:26 :: [INFO] :: [insert_currency_rate] :: Load Phase Started...
20-10-2022 10:29:28 :: [ERROR] :: [insert_currency_rate] :: ERROR - Error 100035 (22007): 100035 (22007): Timestamp '2022/10/20 10:29:26' is not recognized (01a7beb5-3200-91fb-0000-000208ba80d1)
20-10-2022 10:29:29 :: [ERROR] :: [insert_currency_rate] :: ERROR - Error 100035 (22007): 100035 (22007): Timestamp '2022/10/20 10:29:26' is not recognized (01a7beb5-3200-9246-0000-000208ba9079)
20-10-2022 10:29:29 :: [ERROR] :: [insert_currency_rate] :: ERROR - Error 100035 (22007): 100035 (22007): Timestamp '2022/10/20 10:29:26' is not recognized (01a7beb5-3200-922e-0000-000208ba6255)
20-10-2022 10:29:30 :: [ERROR] :: [insert_currency_rate] :: ERROR - Error 100035 (22007): 100035 (22007): Timestamp '2022/10/20 10:29:26' is not recognized (01a7beb5-3200-91c2-0000-000208ba22a5)
20-10-2022 10:29:30 :: [ERROR] :: [insert_currency_rate] :: ERROR - Error 100035 (22007): 100035 (22007): Timestamp '2022/10/20 10:29:26' is not recognized (01a7beb5-3200-922e-0000-000208ba6259)
20-10-2022 10:29:30 :: [INFO] :: [insert_currency_rate] :: 0 rows inserted.
20-10-2022 10:29:30 :: [ERROR] :: [insert_currency_rate] :: ERROR - 5 rows with error.
20-10-2022 10:29:30 :: [INFO] :: [insert_currency_rate] :: Load Phase Ended...
20-10-2022 10:43:13 :: [INFO] :: [insert_currency_rate] :: Extract Phase Started ...
20-10-2022 10:43:14 :: [INFO] :: [insert_currency_rate] :: Extract Phase Ended ...
20-10-2022 10:43:14 :: [INFO] :: [insert_currency_rate] :: Transform Phase Started...
20-10-2022 10:43:14 :: [INFO] :: [insert_currency_rate] :: Transform Phase Ended...
20-10-2022 10:43:14 :: [INFO] :: [insert_currency_rate] :: Load Phase Started...
20-10-2022 10:43:19 :: [INFO] :: [insert_currency_rate] :: 5 rows inserted.
20-10-2022 10:43:19 :: [INFO] :: [insert_currency_rate] :: Load Phase Ended...
20-10-2022 10:46:53 :: [INFO] :: [insert_currency_rate] :: Extract Phase Started ...
20-10-2022 10:46:56 :: [INFO] :: [insert_currency_rate] :: Extract Phase Ended ...
20-10-2022 10:46:56 :: [INFO] :: [insert_currency_rate] :: Transform Phase Started...
20-10-2022 10:49:11 :: [INFO] :: [insert_currency_rate] :: Extract Phase Started ...
20-10-2022 10:49:12 :: [INFO] :: [insert_currency_rate] :: Extract Phase Ended ...
20-10-2022 10:49:12 :: [INFO] :: [insert_currency_rate] :: Transform Phase Started...
20-10-2022 10:52:35 :: [INFO] :: [insert_currency_rate] :: Extract Phase Started ...
20-10-2022 10:52:37 :: [INFO] :: [insert_currency_rate] :: Extract Phase Ended ...
20-10-2022 10:52:37 :: [INFO] :: [insert_currency_rate] :: Transform Phase Started...
20-10-2022 10:53:39 :: [INFO] :: [insert_currency_rate] :: Extract Phase Started ...
20-10-2022 10:53:40 :: [INFO] :: [insert_currency_rate] :: Extract Phase Ended ...
20-10-2022 10:53:40 :: [INFO] :: [insert_currency_rate] :: Transform Phase Started...
20-10-2022 10:54:14 :: [INFO] :: [insert_currency_rate] :: Extract Phase Started ...
20-10-2022 10:54:15 :: [INFO] :: [insert_currency_rate] :: Extract Phase Ended ...
20-10-2022 10:54:15 :: [INFO] :: [insert_currency_rate] :: Transform Phase Started...
20-10-2022 10:54:15 :: [INFO] :: [insert_currency_rate] :: Transform Phase Ended...
20-10-2022 10:55:46 :: [INFO] :: [insert_currency_rate] :: Extract Phase Started ...
20-10-2022 10:55:48 :: [INFO] :: [insert_currency_rate] :: Extract Phase Ended ...
20-10-2022 10:55:48 :: [INFO] :: [insert_currency_rate] :: Transform Phase Started...
20-10-2022 10:55:48 :: [INFO] :: [insert_currency_rate] :: Transform Phase Ended...
20-10-2022 10:57:36 :: [INFO] :: [insert_currency_rate] :: Extract Phase Started ...
20-10-2022 10:57:37 :: [INFO] :: [insert_currency_rate] :: Extract Phase Ended ...
20-10-2022 10:57:37 :: [INFO] :: [insert_currency_rate] :: Transform Phase Started...
20-10-2022 10:57:37 :: [INFO] :: [insert_currency_rate] :: Transform Phase Ended...
20-10-2022 10:59:00 :: [INFO] :: [insert_currency_rate] :: Extract Phase Started ...
20-10-2022 10:59:01 :: [INFO] :: [insert_currency_rate] :: Extract Phase Ended ...
20-10-2022 10:59:01 :: [INFO] :: [insert_currency_rate] :: Transform Phase Started...
20-10-2022 10:59:01 :: [INFO] :: [insert_currency_rate] :: Transform Phase Ended...
20-10-2022 10:59:01 :: [INFO] :: [insert_currency_rate] :: Load Phase Started...
20-10-2022 10:59:05 :: [INFO] :: [insert_currency_rate] :: 5 rows inserted.
20-10-2022 10:59:05 :: [INFO] :: [insert_currency_rate] :: Load Phase Ended...
20-10-2022 12:48:41 :: [INFO] :: [insert_currency_rate] :: Extract Phase Started ...
20-10-2022 12:48:42 :: [INFO] :: [insert_currency_rate] :: Extract Phase Ended ...
20-10-2022 12:48:42 :: [INFO] :: [insert_currency_rate] :: Transform Phase Started...
20-10-2022 12:48:42 :: [INFO] :: [insert_currency_rate] :: Transform Phase Ended...
20-10-2022 12:48:42 :: [INFO] :: [insert_currency_rate] :: Load Phase Started...
20-10-2022 12:48:43 :: [INFO] :: [insert_currency_rate] :: 5 rows inserted.
20-10-2022 12:48:43 :: [INFO] :: [insert_currency_rate] :: Load Phase Ended...
20-10-2022 12:49:52 :: [INFO] :: [insert_currency_rate] :: Extract Phase Started ...
20-10-2022 12:49:54 :: [INFO] :: [insert_currency_rate] :: Extract Phase Ended ...
20-10-2022 12:49:54 :: [INFO] :: [insert_currency_rate] :: Transform Phase Started...
20-10-2022 12:49:54 :: [INFO] :: [insert_currency_rate] :: Transform Phase Ended...
20-10-2022 12:49:54 :: [INFO] :: [insert_currency_rate] :: Load Phase Started...
20-10-2022 12:49:54 :: [INFO] :: [insert_currency_rate] :: 5 rows inserted.
20-10-2022 12:49:54 :: [INFO] :: [insert_currency_rate] :: Load Phase Ended...
20-10-2022 12:51:40 :: [INFO] :: [insert_currency_rate] :: Extract Phase Started ...
20-10-2022 12:51:41 :: [INFO] :: [insert_currency_rate] :: Extract Phase Ended ...
20-10-2022 12:51:41 :: [INFO] :: [insert_currency_rate] :: Transform Phase Started...
20-10-2022 12:51:41 :: [INFO] :: [insert_currency_rate] :: Transform Phase Ended...
20-10-2022 12:51:41 :: [INFO] :: [insert_currency_rate] :: Load Phase Started...
20-10-2022 12:51:42 :: [INFO] :: [insert_currency_rate] :: 5 rows inserted.
20-10-2022 12:51:42 :: [INFO] :: [insert_currency_rate] :: Load Phase Ended...
20-10-2022 13:09:22 :: [INFO] :: [insert_currency_rate] :: Extract Phase Started ...
20-10-2022 13:09:35 :: [INFO] :: [insert_currency_rate] :: Extract Phase Ended ...
20-10-2022 13:09:35 :: [INFO] :: [insert_currency_rate] :: Transform Phase Started...
20-10-2022 13:09:35 :: [INFO] :: [insert_currency_rate] :: Transform Phase Ended...
20-10-2022 13:09:35 :: [INFO] :: [insert_currency_rate] :: Load Phase Started...
20-10-2022 13:09:36 :: [INFO] :: [insert_currency_rate] :: 5 rows inserted.
20-10-2022 13:09:36 :: [INFO] :: [insert_currency_rate] :: Load Phase Ended...
20-10-2022 13:11:00 :: [INFO] :: [insert_currency_rate] :: Extract Phase Started ...
20-10-2022 13:11:01 :: [INFO] :: [insert_currency_rate] :: Extract Phase Ended ...
20-10-2022 13:11:01 :: [INFO] :: [insert_currency_rate] :: Transform Phase Started...
20-10-2022 13:11:01 :: [INFO] :: [insert_currency_rate] :: Transform Phase Ended...
20-10-2022 13:11:01 :: [INFO] :: [insert_currency_rate] :: Load Phase Started...
20-10-2022 13:11:02 :: [INFO] :: [insert_currency_rate] :: 5 rows inserted.
20-10-2022 13:11:02 :: [INFO] :: [insert_currency_rate] :: Load Phase Ended...
20-10-2022 13:12:39 :: [INFO] :: [insert_currency_rate] :: Extract Phase Started ...
20-10-2022 13:12:40 :: [INFO] :: [insert_currency_rate] :: Extract Phase Ended ...
20-10-2022 13:12:40 :: [INFO] :: [insert_currency_rate] :: Transform Phase Started...
20-10-2022 13:12:40 :: [INFO] :: [insert_currency_rate] :: Transform Phase Ended...
20-10-2022 13:12:40 :: [INFO] :: [insert_currency_rate] :: Load Phase Started...
20-10-2022 13:12:41 :: [INFO] :: [insert_currency_rate] :: 5 rows inserted.
20-10-2022 13:12:41 :: [INFO] :: [insert_currency_rate] :: Load Phase Ended...
20-10-2022 13:20:24 :: [INFO] :: [insert_currency_rate] :: Extract Phase Started ...
20-10-2022 13:20:26 :: [INFO] :: [insert_currency_rate] :: Extract Phase Ended ...
20-10-2022 13:20:26 :: [INFO] :: [insert_currency_rate] :: Transform Phase Started...
20-10-2022 13:20:26 :: [INFO] :: [insert_currency_rate] :: Transform Phase Ended...
20-10-2022 13:20:26 :: [INFO] :: [insert_currency_rate] :: Load Phase Started...
20-10-2022 13:20:27 :: [INFO] :: [insert_currency_rate] :: 5 rows inserted.
20-10-2022 13:20:27 :: [INFO] :: [insert_currency_rate] :: Load Phase Ended...
20-10-2022 13:21:30 :: [INFO] :: [insert_currency_rate] :: Extract Phase Started ...
20-10-2022 13:21:32 :: [INFO] :: [insert_currency_rate] :: Extract Phase Ended ...
20-10-2022 13:21:32 :: [INFO] :: [insert_currency_rate] :: Transform Phase Started...
20-10-2022 13:21:32 :: [INFO] :: [insert_currency_rate] :: Transform Phase Ended...
20-10-2022 13:21:32 :: [INFO] :: [insert_currency_rate] :: Load Phase Started...
20-10-2022 13:21:34 :: [INFO] :: [insert_currency_rate] :: 5 rows inserted.
20-10-2022 13:21:34 :: [INFO] :: [insert_currency_rate] :: Load Phase Ended...
20-10-2022 13:23:03 :: [INFO] :: [insert_currency_rate] :: Extract Phase Started ...
20-10-2022 13:23:04 :: [INFO] :: [insert_currency_rate] :: Extract Phase Ended ...
20-10-2022 13:23:04 :: [INFO] :: [insert_currency_rate] :: Transform Phase Started...
20-10-2022 13:23:04 :: [INFO] :: [insert_currency_rate] :: Transform Phase Ended...
20-10-2022 13:23:04 :: [INFO] :: [insert_currency_rate] :: Load Phase Started...
20-10-2022 13:23:05 :: [INFO] :: [insert_currency_rate] :: 5 rows inserted.
20-10-2022 13:23:05 :: [INFO] :: [insert_currency_rate] :: Load Phase Ended...
20-10-2022 13:23:51 :: [INFO] :: [insert_currency_rate] :: Extract Phase Started ...
20-10-2022 13:23:53 :: [INFO] :: [insert_currency_rate] :: Extract Phase Ended ...
20-10-2022 13:23:53 :: [INFO] :: [insert_currency_rate] :: Transform Phase Started...
20-10-2022 13:23:53 :: [INFO] :: [insert_currency_rate] :: Transform Phase Ended...
20-10-2022 13:23:53 :: [INFO] :: [insert_currency_rate] :: Load Phase Started...
20-10-2022 13:23:54 :: [INFO] :: [insert_currency_rate] :: 5 rows inserted.
20-10-2022 13:23:54 :: [INFO] :: [insert_currency_rate] :: Load Phase Ended...
20-10-2022 13:24:49 :: [INFO] :: [insert_currency_rate] :: Extract Phase Started ...
20-10-2022 13:24:50 :: [INFO] :: [insert_currency_rate] :: Extract Phase Ended ...
20-10-2022 13:24:50 :: [INFO] :: [insert_currency_rate] :: Transform Phase Started...
20-10-2022 13:24:50 :: [INFO] :: [insert_currency_rate] :: Transform Phase Ended...
20-10-2022 13:24:50 :: [INFO] :: [insert_currency_rate] :: Load Phase Started...
20-10-2022 13:24:52 :: [INFO] :: [insert_currency_rate] :: 5 rows inserted.
20-10-2022 13:24:52 :: [INFO] :: [insert_currency_rate] :: Load Phase Ended...
20-10-2022 13:27:26 :: [INFO] :: [insert_currency_rate] :: Extract Phase Started ...
20-10-2022 13:27:27 :: [INFO] :: [insert_currency_rate] :: Extract Phase Ended ...
20-10-2022 13:27:27 :: [INFO] :: [insert_currency_rate] :: Transform Phase Started...
20-10-2022 13:27:27 :: [INFO] :: [insert_currency_rate] :: Transform Phase Ended...
20-10-2022 13:27:27 :: [INFO] :: [insert_currency_rate] :: Load Phase Started...
20-10-2022 13:27:28 :: [INFO] :: [insert_currency_rate] :: 5 rows inserted.
20-10-2022 13:27:28 :: [INFO] :: [insert_currency_rate] :: Load Phase Ended...
20-10-2022 13:29:15 :: [INFO] :: [insert_currency_rate] :: Extract Phase Started ...
20-10-2022 13:29:16 :: [INFO] :: [insert_currency_rate] :: Extract Phase Ended ...
20-10-2022 13:29:16 :: [INFO] :: [insert_currency_rate] :: Transform Phase Started...
20-10-2022 13:29:16 :: [INFO] :: [insert_currency_rate] :: Transform Phase Ended...
20-10-2022 13:29:16 :: [INFO] :: [insert_currency_rate] :: Load Phase Started...
20-10-2022 13:29:17 :: [INFO] :: [insert_currency_rate] :: 5 rows inserted.
20-10-2022 13:29:17 :: [INFO] :: [insert_currency_rate] :: Load Phase Ended...
20-10-2022 13:30:13 :: [INFO] :: [insert_currency_rate] :: Extract Phase Started ...
20-10-2022 13:30:14 :: [INFO] :: [insert_currency_rate] :: Extract Phase Ended ...
20-10-2022 13:30:14 :: [INFO] :: [insert_currency_rate] :: Transform Phase Started...
20-10-2022 13:30:14 :: [INFO] :: [insert_currency_rate] :: Transform Phase Ended...
20-10-2022 13:30:14 :: [INFO] :: [insert_currency_rate] :: Load Phase Started...
20-10-2022 13:30:15 :: [INFO] :: [insert_currency_rate] :: 5 rows inserted.
20-10-2022 13:30:15 :: [INFO] :: [insert_currency_rate] :: Load Phase Ended...
20-10-2022 13:33:03 :: [INFO] :: [insert_currency_rate] :: Extract Phase Started ...
20-10-2022 13:33:05 :: [INFO] :: [insert_currency_rate] :: Extract Phase Ended ...
20-10-2022 13:33:05 :: [INFO] :: [insert_currency_rate] :: Transform Phase Started...
20-10-2022 13:33:05 :: [INFO] :: [insert_currency_rate] :: Transform Phase Ended...
20-10-2022 13:33:05 :: [INFO] :: [insert_currency_rate] :: Load Phase Started...
20-10-2022 13:33:05 :: [INFO] :: [insert_currency_rate] :: 5 rows inserted.
20-10-2022 13:33:05 :: [INFO] :: [insert_currency_rate] :: Load Phase Ended...
20-10-2022 13:33:28 :: [INFO] :: [insert_currency_rate] :: Extract Phase Started ...
20-10-2022 13:33:29 :: [INFO] :: [insert_currency_rate] :: Extract Phase Ended ...
20-10-2022 13:33:29 :: [INFO] :: [insert_currency_rate] :: Transform Phase Started...
20-10-2022 13:33:29 :: [INFO] :: [insert_currency_rate] :: Transform Phase Ended...
20-10-2022 13:33:29 :: [INFO] :: [insert_currency_rate] :: Load Phase Started...
20-10-2022 13:33:31 :: [INFO] :: [insert_currency_rate] :: 5 rows inserted.
20-10-2022 13:33:31 :: [INFO] :: [insert_currency_rate] :: Load Phase Ended...
20-10-2022 13:35:41 :: [INFO] :: [insert_currency_rate] :: Extract Phase Started ...
20-10-2022 13:35:42 :: [INFO] :: [insert_currency_rate] :: Extract Phase Ended ...
20-10-2022 13:35:42 :: [INFO] :: [insert_currency_rate] :: Transform Phase Started...
20-10-2022 13:35:42 :: [INFO] :: [insert_currency_rate] :: Transform Phase Ended...
20-10-2022 13:35:42 :: [INFO] :: [insert_currency_rate] :: Load Phase Started...
20-10-2022 13:35:43 :: [INFO] :: [insert_currency_rate] :: 5 rows inserted.
20-10-2022 13:35:43 :: [INFO] :: [insert_currency_rate] :: Load Phase Ended...
20-10-2022 13:38:19 :: [INFO] :: [insert_currency_rate] :: Extract Phase Started ...
20-10-2022 13:38:20 :: [INFO] :: [insert_currency_rate] :: Extract Phase Ended ...
20-10-2022 13:38:20 :: [INFO] :: [insert_currency_rate] :: Transform Phase Started...
20-10-2022 13:38:20 :: [INFO] :: [insert_currency_rate] :: Transform Phase Ended...
20-10-2022 13:38:20 :: [INFO] :: [insert_currency_rate] :: Load Phase Started...
20-10-2022 13:38:21 :: [INFO] :: [insert_currency_rate] :: 5 rows inserted.
20-10-2022 13:38:21 :: [INFO] :: [insert_currency_rate] :: Load Phase Ended...
20-10-2022 13:40:46 :: [INFO] :: [insert_currency_rate] :: Extract Phase Started ...
20-10-2022 13:40:47 :: [INFO] :: [insert_currency_rate] :: Extract Phase Ended ...
20-10-2022 13:40:47 :: [INFO] :: [insert_currency_rate] :: Transform Phase Started...
20-10-2022 13:40:47 :: [INFO] :: [insert_currency_rate] :: Transform Phase Ended...
20-10-2022 13:40:47 :: [INFO] :: [insert_currency_rate] :: Load Phase Started...
20-10-2022 13:40:48 :: [INFO] :: [insert_currency_rate] :: 5 rows inserted.
20-10-2022 13:40:48 :: [INFO] :: [insert_currency_rate] :: Load Phase Ended...
20-10-2022 13:41:41 :: [INFO] :: [insert_currency_rate] :: Extract Phase Started ...
20-10-2022 13:41:42 :: [INFO] :: [insert_currency_rate] :: Extract Phase Ended ...
20-10-2022 13:41:42 :: [INFO] :: [insert_currency_rate] :: Transform Phase Started...
20-10-2022 13:41:42 :: [INFO] :: [insert_currency_rate] :: Transform Phase Ended...
20-10-2022 13:41:42 :: [INFO] :: [insert_currency_rate] :: Load Phase Started...
20-10-2022 13:41:44 :: [INFO] :: [insert_currency_rate] :: 5 rows inserted.
20-10-2022 13:41:44 :: [INFO] :: [insert_currency_rate] :: Load Phase Ended...
20-10-2022 13:45:22 :: [INFO] :: [insert_currency_rate] :: Extract Phase Started ...
20-10-2022 13:45:23 :: [INFO] :: [insert_currency_rate] :: Extract Phase Ended ...
20-10-2022 13:45:23 :: [INFO] :: [insert_currency_rate] :: Transform Phase Started...
20-10-2022 13:45:23 :: [INFO] :: [insert_currency_rate] :: Transform Phase Ended...
20-10-2022 13:45:23 :: [INFO] :: [insert_currency_rate] :: Load Phase Started...
20-10-2022 13:45:25 :: [INFO] :: [insert_currency_rate] :: 5 rows inserted.
20-10-2022 13:45:25 :: [INFO] :: [insert_currency_rate] :: Load Phase Ended...
20-10-2022 13:46:48 :: [INFO] :: [insert_currency_rate] :: Extract Phase Started ...
20-10-2022 13:46:50 :: [INFO] :: [insert_currency_rate] :: Extract Phase Ended ...
20-10-2022 13:46:50 :: [INFO] :: [insert_currency_rate] :: Transform Phase Started...
20-10-2022 13:46:50 :: [INFO] :: [insert_currency_rate] :: Transform Phase Ended...
20-10-2022 13:46:50 :: [INFO] :: [insert_currency_rate] :: Load Phase Started...
20-10-2022 13:46:51 :: [INFO] :: [insert_currency_rate] :: 5 rows inserted.
20-10-2022 13:46:51 :: [INFO] :: [insert_currency_rate] :: Load Phase Ended...
20-10-2022 13:47:35 :: [INFO] :: [insert_currency_rate] :: Extract Phase Started ...
20-10-2022 13:47:36 :: [INFO] :: [insert_currency_rate] :: Extract Phase Ended ...
20-10-2022 13:47:36 :: [INFO] :: [insert_currency_rate] :: Transform Phase Started...
20-10-2022 13:47:36 :: [INFO] :: [insert_currency_rate] :: Transform Phase Ended...
20-10-2022 13:47:36 :: [INFO] :: [insert_currency_rate] :: Load Phase Started...
20-10-2022 13:47:37 :: [INFO] :: [insert_currency_rate] :: 5 rows inserted.
20-10-2022 13:47:37 :: [INFO] :: [insert_currency_rate] :: Load Phase Ended...
20-10-2022 13:48:09 :: [INFO] :: [insert_currency_rate] :: Extract Phase Started ...
20-10-2022 13:48:10 :: [INFO] :: [insert_currency_rate] :: Extract Phase Ended ...
20-10-2022 13:48:10 :: [INFO] :: [insert_currency_rate] :: Transform Phase Started...
20-10-2022 13:48:10 :: [INFO] :: [insert_currency_rate] :: Transform Phase Ended...
20-10-2022 13:48:10 :: [INFO] :: [insert_currency_rate] :: Load Phase Started...
20-10-2022 13:48:11 :: [INFO] :: [insert_currency_rate] :: 5 rows inserted.
20-10-2022 13:48:11 :: [INFO] :: [insert_currency_rate] :: Load Phase Ended...
20-10-2022 13:49:09 :: [INFO] :: [insert_currency_rate] :: Extract Phase Started ...
20-10-2022 13:49:10 :: [INFO] :: [insert_currency_rate] :: Extract Phase Ended ...
20-10-2022 13:49:10 :: [INFO] :: [insert_currency_rate] :: Transform Phase Started...
20-10-2022 13:49:10 :: [INFO] :: [insert_currency_rate] :: Transform Phase Ended...
20-10-2022 13:49:10 :: [INFO] :: [insert_currency_rate] :: Load Phase Started...
20-10-2022 13:49:12 :: [INFO] :: [insert_currency_rate] :: 5 rows inserted.
20-10-2022 13:49:12 :: [INFO] :: [insert_currency_rate] :: Load Phase Ended...
20-10-2022 13:54:45 :: [INFO] :: [insert_currency_rate] :: Extract Phase Started ...
20-10-2022 13:54:59 :: [INFO] :: [insert_currency_rate] :: Extract Phase Ended ...
20-10-2022 13:54:59 :: [INFO] :: [insert_currency_rate] :: Transform Phase Started...
20-10-2022 13:54:59 :: [INFO] :: [insert_currency_rate] :: Transform Phase Ended...
20-10-2022 13:54:59 :: [INFO] :: [insert_currency_rate] :: Load Phase Started...
20-10-2022 13:55:00 :: [INFO] :: [insert_currency_rate] :: 5 rows inserted.
20-10-2022 13:55:00 :: [INFO] :: [insert_currency_rate] :: Load Phase Ended...
20-10-2022 13:55:01 :: [ERROR] :: [insert_currency_rate] :: ERROR - Email not sent: 'list' object has no attribute 'encode'
20-10-2022 13:56:31 :: [INFO] :: [insert_currency_rate] :: Extract Phase Started ...
20-10-2022 13:56:40 :: [INFO] :: [insert_currency_rate] :: Extract Phase Ended ...
20-10-2022 13:56:40 :: [INFO] :: [insert_currency_rate] :: Transform Phase Started...
20-10-2022 13:56:40 :: [INFO] :: [insert_currency_rate] :: Transform Phase Ended...
20-10-2022 13:56:40 :: [INFO] :: [insert_currency_rate] :: Load Phase Started...
20-10-2022 13:56:41 :: [INFO] :: [insert_currency_rate] :: 5 rows inserted.
20-10-2022 13:56:41 :: [INFO] :: [insert_currency_rate] :: Load Phase Ended...
20-10-2022 13:56:42 :: [ERROR] :: [insert_currency_rate] :: ERROR - Email not sent: SMTP.sendmail() missing 2 required positional arguments: 'to_addrs' and 'msg'
20-10-2022 13:59:02 :: [INFO] :: [insert_currency_rate] :: Extract Phase Started ...
20-10-2022 13:59:03 :: [INFO] :: [insert_currency_rate] :: Extract Phase Ended ...
20-10-2022 13:59:03 :: [INFO] :: [insert_currency_rate] :: Transform Phase Started...
20-10-2022 13:59:03 :: [INFO] :: [insert_currency_rate] :: Transform Phase Ended...
20-10-2022 13:59:03 :: [INFO] :: [insert_currency_rate] :: Load Phase Started...
20-10-2022 13:59:05 :: [INFO] :: [insert_currency_rate] :: 5 rows inserted.
20-10-2022 13:59:05 :: [INFO] :: [insert_currency_rate] :: Load Phase Ended...
20-10-2022 13:59:08 :: [INFO] :: [insert_currency_rate] :: Email sent successfully!
20-10-2022 10:13:36 :: [INFO] :: [insert_currency_rate] :: Extract Phase Started ...
20-10-2022 10:13:37 :: [INFO] :: [insert_currency_rate] :: Extract Phase Ended ...
20-10-2022 10:13:37 :: [INFO] :: [insert_currency_rate] :: Transform Phase Started...
20-10-2022 10:13:37 :: [INFO] :: [insert_currency_rate] :: Transform Phase Ended...
20-10-2022 10:13:37 :: [INFO] :: [insert_currency_rate] :: Load Phase Started...
20-10-2022 18:16:08 :: [INFO] :: [insert_currency_rate] :: Extract Phase Started ...
20-10-2022 18:16:09 :: [INFO] :: [insert_currency_rate] :: Extract Phase Ended ...
20-10-2022 18:16:09 :: [INFO] :: [insert_currency_rate] :: Transform Phase Started...
20-10-2022 18:16:09 :: [INFO] :: [insert_currency_rate] :: Transform Phase Ended...
20-10-2022 18:16:09 :: [INFO] :: [insert_currency_rate] :: Load Phase Started...
20-10-2022 18:17:40 :: [INFO] :: [insert_currency_rate] :: Extract Phase Started ...
20-10-2022 18:17:42 :: [INFO] :: [insert_currency_rate] :: Extract Phase Ended ...
20-10-2022 18:17:42 :: [INFO] :: [insert_currency_rate] :: Transform Phase Started...
20-10-2022 18:17:42 :: [INFO] :: [insert_currency_rate] :: Transform Phase Ended...
20-10-2022 18:17:42 :: [INFO] :: [insert_currency_rate] :: Load Phase Started...
20-10-2022 18:17:49 :: [INFO] :: [insert_currency_rate] :: 5 rows inserted.
20-10-2022 18:17:49 :: [INFO] :: [insert_currency_rate] :: Load Phase Ended...
20-10-2022 18:17:53 :: [INFO] :: [insert_currency_rate] :: Email sent successfully!
20-10-2022 10:21:22 :: [INFO] :: [insert_currency_rate] :: Extract Phase Started ...
20-10-2022 10:21:24 :: [INFO] :: [insert_currency_rate] :: Extract Phase Ended ...
20-10-2022 10:21:24 :: [INFO] :: [insert_currency_rate] :: Transform Phase Started...
20-10-2022 10:21:24 :: [INFO] :: [insert_currency_rate] :: Transform Phase Ended...
20-10-2022 10:21:24 :: [INFO] :: [insert_currency_rate] :: Load Phase Started...
20-10-2022 10:21:29 :: [INFO] :: [insert_currency_rate] :: 5 rows inserted.
20-10-2022 10:21:29 :: [INFO] :: [insert_currency_rate] :: Load Phase Ended...
20-10-2022 10:21:32 :: [INFO] :: [insert_currency_rate] :: Email sent successfully!
20-10-2022 10:24:11 :: [INFO] :: [insert_currency_rate] :: Extract Phase Started ...
20-10-2022 10:24:12 :: [INFO] :: [insert_currency_rate] :: Extract Phase Ended ...
20-10-2022 10:24:12 :: [INFO] :: [insert_currency_rate] :: Transform Phase Started...
20-10-2022 10:24:12 :: [INFO] :: [insert_currency_rate] :: Transform Phase Ended...
20-10-2022 10:24:12 :: [INFO] :: [insert_currency_rate] :: Load Phase Started...
20-10-2022 10:24:18 :: [INFO] :: [insert_currency_rate] :: 5 rows inserted.
20-10-2022 10:24:18 :: [INFO] :: [insert_currency_rate] :: Load Phase Ended...
20-10-2022 10:24:20 :: [INFO] :: [insert_currency_rate] :: Email sent successfully!
20-10-2022 10:27:21 :: [INFO] :: [insert_currency_rate] :: Extract Phase Started ...
20-10-2022 10:27:22 :: [INFO] :: [insert_currency_rate] :: Extract Phase Ended ...
20-10-2022 10:27:22 :: [INFO] :: [insert_currency_rate] :: Transform Phase Started...
20-10-2022 10:27:22 :: [INFO] :: [insert_currency_rate] :: Transform Phase Ended...
20-10-2022 10:27:22 :: [INFO] :: [insert_currency_rate] :: Load Phase Started...
20-10-2022 10:27:26 :: [INFO] :: [insert_currency_rate] :: 5 rows inserted.
20-10-2022 10:27:26 :: [INFO] :: [insert_currency_rate] :: Load Phase Ended...
20-10-2022 10:27:29 :: [INFO] :: [insert_currency_rate] :: Email sent successfully!
20-10-2022 18:53:14 :: [INFO] :: [insert_currency_rate] :: Extract Phase Started ...
20-10-2022 18:53:15 :: [INFO] :: [insert_currency_rate] :: Extract Phase Ended ...
20-10-2022 18:53:15 :: [INFO] :: [insert_currency_rate] :: Transform Phase Started...
20-10-2022 18:53:15 :: [INFO] :: [insert_currency_rate] :: Transform Phase Ended...
20-10-2022 18:53:15 :: [INFO] :: [insert_currency_rate] :: Load Phase Started...
20-10-2022 18:53:20 :: [INFO] :: [insert_currency_rate] :: 5 rows inserted.
20-10-2022 18:53:20 :: [INFO] :: [insert_currency_rate] :: Load Phase Ended...
20-10-2022 18:53:25 :: [INFO] :: [insert_currency_rate] :: Email sent successfully!
